<?xml version="1.0" encoding="utf-8"?><testsuites name="pytest tests"><testsuite name="pytest" errors="0" failures="0" skipped="0" tests="8" time="1.096" timestamp="2026-06-18T05:30:15.418281+00:00" hostname="agent-env-3bde1dea-0498-4ee2-a217-2c716d71088f"><testcase classname="backend.tests.test_backend_api" name="test_root_health" time="0.203" /><testcase classname="backend.tests.test_backend_api" name="test_blog_list_seeded" time="0.128" /><testcase classname="backend.tests.test_backend_api" name="test_blog_detail_existing" time="0.098" /><testcase classname="backend.tests.test_backend_api" name="test_blog_detail_not_found" time="0.128" /><testcase classname="backend.tests.test_backend_api" name="test_consultation_create_and_list" time="0.136" /><testcase classname="backend.tests.test_backend_api" name="test_consultation_invalid_email" time="0.096" /><testcase classname="backend.tests.test_backend_api" name="test_consultation_missing_first_name" time="0.092" /><testcase classname="backend.tests.test_backend_api" name="test_contact_create" time="0.137" /></testsuite></testsuites>