<?xml version="1.0" encoding="utf-8"?><testsuites name="pytest tests"><testsuite name="pytest" errors="0" failures="0" skipped="0" tests="12" time="1.398" timestamp="2026-06-18T10:58:59.625500+00:00" hostname="agent-env-3bde1dea-0498-4ee2-a217-2c716d71088f"><testcase classname="backend.tests.test_backend_api" name="test_root_health" time="0.241" /><testcase classname="backend.tests.test_backend_api" name="test_blog_list_new_seeds" time="0.125" /><testcase classname="backend.tests.test_backend_api" name="test_blog_detail_do_i_need_a_will" time="0.091" /><testcase classname="backend.tests.test_backend_api" name="test_blog_detail_not_found" time="0.093" /><testcase classname="backend.tests.test_backend_api" name="test_checklist_request_success" time="0.102" /><testcase classname="backend.tests.test_backend_api" name="test_checklist_request_invalid_email" time="0.101" /><testcase classname="backend.tests.test_backend_api" name="test_checklist_request_missing_name" time="0.091" /><testcase classname="backend.tests.test_backend_api" name="test_consultation_new_service_values[Estate Planning \u2014 Wills]" time="0.092" /><testcase classname="backend.tests.test_backend_api" name="test_consultation_new_service_values[Revocable Living Trust]" time="0.106" /><testcase classname="backend.tests.test_backend_api" name="test_consultation_new_service_values[Free Estate Planning Checklist]" time="0.092" /><testcase classname="backend.tests.test_backend_api" name="test_consultation_invalid_email" time="0.090" /><testcase classname="backend.tests.test_backend_api" name="test_contact_create" time="0.102" /></testsuite></testsuites>